Signal SIGHUP=1 is not in the set.
Signal SIGINT=2 is not in the set.
Signal SIGQUIT=3 is not in the set.
Signal SIGILL=4 is not in the set.
Signal SIGTRAP=5 is not in the set.
Signal SIGABRT=6 is not in the set.
Signal SIGBUS=7 is not in the set.
Signal SIGFPE=8 is not in the set.
Signal SIGKILL=9 is not in the set.
Signal SIGUSR1=10 IS in the set.
Signal SIGSEGV=11 is not in the set.
Signal SIGUSR2=12 is not in the set.
Signal SIGPIPE=13 is not in the set.
Signal SIGALRM=14 is not in the set.
Signal SIGTERM=15 is not in the set.
Signal SIGSTKFLT=16 is not in the set.
Signal SIGCHLD=17 is not in the set.
Signal SIGCONT=18 is not in the set.
Signal SIGSTOP=19 is not in the set.
Signal SIGTSTP=20 is not in the set.
Signal SIGTTIN=21 is not in the set.
Signal SIGTTOU=22 is not in the set.
In thread function
Signal SIGHUP=1 is not in the set.
Signal SIGINT=2 is not in the set.
Signal SIGQUIT=3 is not in the set.
Signal SIGILL=4 is not in the set.
Signal SIGTRAP=5 is not in the set.
Signal SIGABRT=6 is not in the set.
Signal SIGBUS=7 is not in the set.
Signal SIGFPE=8 is not in the set.
Signal SIGKILL=9 is not in the set.
Signal SIGUSR1=10 IS in the set.
Signal SIGSEGV=11 is not in the set.
Signal SIGUSR2=12 is not in the set.
Signal SIGPIPE=13 is not in the set.
Signal SIGALRM=14 is not in the set.
Signal SIGTERM=15 is not in the set.
Signal SIGSTKFLT=16 is not in the set.
Signal SIGCHLD=17 is not in the set.
Signal SIGCONT=18 is not in the set.
Signal SIGSTOP=19 is not in the set.
Signal SIGTSTP=20 is not in the set.
Signal SIGTTIN=21 is not in the set.
Signal SIGTTOU=22 is not in the set.
Completed thread function
Signal SIGHUP=1 is not in the set.
Signal SIGINT=2 is not in the set.
Signal SIGQUIT=3 is not in the set.
Signal SIGILL=4 is not in the set.
Signal SIGTRAP=5 is not in the set.
Signal SIGABRT=6 is not in the set.
Signal SIGBUS=7 is not in the set.
Signal SIGFPE=8 is not in the set.
Signal SIGKILL=9 is not in the set.
Signal SIGUSR1=10 IS in the set.
Signal SIGSEGV=11 is not in the set.
Signal SIGUSR2=12 is not in the set.
Signal SIGPIPE=13 is not in the set.
Signal SIGALRM=14 is not in the set.
Signal SIGTERM=15 is not in the set.
Signal SIGSTKFLT=16 is not in the set.
Signal SIGCHLD=17 is not in the set.
Signal SIGCONT=18 is not in the set.
Signal SIGSTOP=19 is not in the set.
Signal SIGTSTP=20 is not in the set.
Signal SIGTTIN=21 is not in the set.
Signal SIGTTOU=22 is not in the set.
