execve("./thread", ["./thread"], 0x7ffeb09865e0 /* 53 vars */) = 0
brk(NULL)                               = 0x55586d7c1000
access("/etc/ld.so.nohwcap", F_OK)      = -1 ENOENT (No such file or directory)
access("/etc/ld.so.preload", R_OK)      = -1 ENOENT (No such file or directory)
openat(AT_FDCWD, "/etc/ld.so.cache", O_RDONLY|O_CLOEXEC) = 3
fstat(3, {st_mode=S_IFREG|0644, st_size=97111, ...}) = 0
mmap(NULL, 97111, PROT_READ, MAP_PRIVATE, 3, 0) = 0x7f1e833da000
close(3)                                = 0
access("/etc/ld.so.nohwcap", F_OK)      = -1 ENOENT (No such file or directory)
openat(AT_FDCWD, "/lib/x86_64-linux-gnu/libpthread.so.0", O_RDONLY|O_CLOEXEC) = 3
read(3, "\177ELF\2\1\1\0\0\0\0\0\0\0\0\0\3\0>\0\1\0\0\0000b\0\0\0\0\0\0"..., 832) = 832
fstat(3, {st_mode=S_IFREG|0755, st_size=144976, ...}) = 0
mmap(NULL, 8192, PROT_READ|PROT_WRITE, MAP_PRIVATE|MAP_ANONYMOUS, -1, 0) = 0x7f1e833d8000
mmap(NULL, 2221184, PROT_READ|PROT_EXEC, MAP_PRIVATE|MAP_DENYWRITE, 3, 0) = 0x7f1e82fac000
mprotect(0x7f1e82fc6000, 2093056, PROT_NONE) = 0
mmap(0x7f1e831c5000, 8192, PROT_READ|PROT_WRITE, MAP_PRIVATE|MAP_FIXED|MAP_DENYWRITE, 3, 0x19000) = 0x7f1e831c5000
mmap(0x7f1e831c7000, 13440, PROT_READ|PROT_WRITE, MAP_PRIVATE|MAP_FIXED|MAP_ANONYMOUS, -1, 0) = 0x7f1e831c7000
close(3)                                = 0
access("/etc/ld.so.nohwcap", F_OK)      = -1 ENOENT (No such file or directory)
openat(AT_FDCWD, "/lib/x86_64-linux-gnu/libc.so.6", O_RDONLY|O_CLOEXEC) = 3
read(3, "\177ELF\2\1\1\3\0\0\0\0\0\0\0\0\3\0>\0\1\0\0\0\260\34\2\0\0\0\0\0"..., 832) = 832
fstat(3, {st_mode=S_IFREG|0755, st_size=2030544, ...}) = 0
mmap(NULL, 4131552, PROT_READ|PROT_EXEC, MAP_PRIVATE|MAP_DENYWRITE, 3, 0) = 0x7f1e82bbb000
mprotect(0x7f1e82da2000, 2097152, PROT_NONE) = 0
mmap(0x7f1e82fa2000, 24576, PROT_READ|PROT_WRITE, MAP_PRIVATE|MAP_FIXED|MAP_DENYWRITE, 3, 0x1e7000) = 0x7f1e82fa2000
mmap(0x7f1e82fa8000, 15072, PROT_READ|PROT_WRITE, MAP_PRIVATE|MAP_FIXED|MAP_ANONYMOUS, -1, 0) = 0x7f1e82fa8000
close(3)                                = 0
mmap(NULL, 12288, PROT_READ|PROT_WRITE, MAP_PRIVATE|MAP_ANONYMOUS, -1, 0) = 0x7f1e833d5000
arch_prctl(ARCH_SET_FS, 0x7f1e833d5740) = 0
mprotect(0x7f1e82fa2000, 16384, PROT_READ) = 0
mprotect(0x7f1e831c5000, 4096, PROT_READ) = 0
mprotect(0x55586c16a000, 4096, PROT_READ) = 0
mprotect(0x7f1e833f2000, 4096, PROT_READ) = 0
munmap(0x7f1e833da000, 97111)           = 0
set_tid_address(0x7f1e833d5a10)         = 122499
set_robust_list(0x7f1e833d5a20, 24)     = 0
rt_sigaction(SIGRTMIN, {sa_handler=0x7f1e82fb1cb0, sa_mask=[], sa_flags=SA_RESTORER|SA_SIGINFO, sa_restorer=0x7f1e82fbe890}, NULL, 8) = 0
rt_sigaction(SIGRT_1, {sa_handler=0x7f1e82fb1d50, sa_mask=[], sa_flags=SA_RESTORER|SA_RESTART|SA_SIGINFO, sa_restorer=0x7f1e82fbe890}, NULL, 8) = 0
rt_sigprocmask(SIG_UNBLOCK, [RTMIN RT_1], NULL, 8) = 0
prlimit64(0, RLIMIT_STACK, NULL, {rlim_cur=8192*1024, rlim_max=RLIM64_INFINITY}) = 0
mmap(NULL, 8392704, PROT_NONE, MAP_PRIVATE|MAP_ANONYMOUS|MAP_STACK, -1, 0) = 0x7f1e823ba000
mprotect(0x7f1e823bb000, 8388608, PROT_READ|PROT_WRITE) = 0
brk(NULL)                               = 0x55586d7c1000
brk(0x55586d7e2000)                     = 0x55586d7e2000
clone(child_stack=0x7f1e82bb9fb0, flags=CLONE_VM|CLONE_FS|CLONE_FILES|CLONE_SIGHAND|CLONE_THREAD|CLONE_SYSVSEM|CLONE_SETTLS|CLONE_PARENT_SETTID|CLONE_CHILD_CLEARTID, parent_tidptr=0x7f1e82bba9d0, tls=0x7f1e82bba700, child_tidptr=0x7f1e82bba9d0) = 122500
exit_group(0)                           = ?
+++ exited with 0 +++
